<?xml version="1.0" encoding="UTF-8"?>
<!-- Generated by org.testng.reporters.JUnitXMLReporter -->
<testsuite hostname="DESKTOP-B88TDQB" ignored="0" name="Test" tests="3" failures="1" timestamp="2020-11-01T12:25:14 IST" time="67.201" errors="0">
  <testcase name="testOne" time="24.979" classname="com.automation.test.PopularCarTest"/>
  <testcase name="testOne" time="24.896" classname="com.automation.test.LoginTest"/>
  <testcase name="testOne" time="15.956" classname="com.automation.test.BikeTest">
    <failure type="org.openqa.selenium.NoSuchElementException" message="Cannot locate element with text: Honda
For documentation on this error, please visit: https://www.seleniumhq.org/exceptions/no_such_element.html
Build info: version: &amp;apos;3.141.59&amp;apos;, revision: &amp;apos;e82be7d358&amp;apos;, time: &amp;apos;2018-11-14T08:17:03&amp;apos;
System info: host: &amp;apos;DESKTOP-B88TDQB&amp;apos;, ip: &amp;apos;192.168.29.32&amp;apos;, os.name: &amp;apos;Windows 10&amp;apos;, os.arch: &amp;apos;amd64&amp;apos;, os.version: &amp;apos;10.0&amp;apos;, java.version: &amp;apos;1.8.0_111&amp;apos;
Driver info: driver.version: unknown">
      <![CDATA[org.openqa.selenium.NoSuchElementException: Cannot locate element with text: Honda
For documentation on this error, please visit: https://www.seleniumhq.org/exceptions/no_such_element.html
Build info: version: '3.141.59', revision: 'e82be7d358', time: '2018-11-14T08:17:03'
System info: host: 'DESKTOP-B88TDQB', ip: '192.168.29.32', os.name: 'Windows 10', os.arch: 'amd64', os.version: '10.0', java.version: '1.8.0_111'
Driver info: driver.version: unknown
at org.openqa.selenium.support.ui.Select.selectByVisibleText(Select.java:147)
at com.pageclasses.LandingPage.clickOnNewBike(LandingPage.java:52)
at com.automation.test.BikeTest.testOne(BikeTest.java:22)
at java.util.ArrayList.forEach(Unknown Source)
... Removed 27 stack frames]]>
    </failure>
  </testcase> <!-- testOne -->
</testsuite> <!-- Test -->
